[2025-11-06 13:19:18] ERROR: Rebuild: SQLSTATE[HY000] [2002] No connection could be made because the target machine actively refused it
[2025-11-06 13:30:19] CRITICAL: (2006) SQLSTATE[HY000] [2006] MySQL server has gone away PDO::__construct(): Error while reading greeting packet. PID=7652 :: GET /Settings :: C:\xampp\htdocs\tpdcrm\application\Espo\ORM\PDO\MysqlPDOFactory.php(73)
[2025-11-06 13:30:19] CRITICAL: (2006) SQLSTATE[HY000] [2006] MySQL server has gone away PDO::__construct(): Error while reading greeting packet. PID=7652 :: GET /I18n :: C:\xampp\htdocs\tpdcrm\application\Espo\ORM\PDO\MysqlPDOFactory.php(73)
[2025-11-06 13:47:18] ERROR: Rebuild: SQLSTATE[HY000] [2006] MySQL server has gone away
[2025-11-06 13:54:01] ERROR: Rebuild: SQLSTATE[HY000] [2006] MySQL server has gone away
[2025-11-06 14:01:32] ERROR: Rebuild: SQLSTATE[HY000] [2006] MySQL server has gone away
[2025-11-06 14:02:12] WARNING: E_WARNING: rename(data\tmp\tmpB660.tmp,data/cache/application/routes.php): Access is denied (code: 5)
[2025-11-06 14:19:35] ERROR: Rebuild: SQLSTATE[HY000] [2002] No connection could be made because the target machine actively refused it
[2025-11-06 14:22:04] CRITICAL: (2019) SQLSTATE[HY000] [2019] Unknown character set :: GET /I18n :: C:\xampp\htdocs\tpdcrm\application\Espo\ORM\PDO\MysqlPDOFactory.php(73)
[2025-11-06 14:22:04] CRITICAL: (2019) SQLSTATE[HY000] [2019] Unknown character set :: GET /Settings :: C:\xampp\htdocs\tpdcrm\application\Espo\ORM\PDO\MysqlPDOFactory.php(73)
[2025-11-06 14:22:07] CRITICAL: (2019) SQLSTATE[HY000] [2019] Unknown character set :: GET /I18n :: C:\xampp\htdocs\tpdcrm\application\Espo\ORM\PDO\MysqlPDOFactory.php(73)
[2025-11-06 14:22:07] CRITICAL: (2019) SQLSTATE[HY000] [2019] Unknown character set :: GET /Settings :: C:\xampp\htdocs\tpdcrm\application\Espo\ORM\PDO\MysqlPDOFactory.php(73)
[2025-11-06 14:25:19] CRITICAL: (2019) SQLSTATE[HY000] [2019] Unknown character set :: GET /Settings :: C:\xampp\htdocs\tpdcrm\application\Espo\ORM\PDO\MysqlPDOFactory.php(73)
[2025-11-06 14:25:19] CRITICAL: (2019) SQLSTATE[HY000] [2019] Unknown character set :: GET /I18n :: C:\xampp\htdocs\tpdcrm\application\Espo\ORM\PDO\MysqlPDOFactory.php(73)
[2025-11-06 14:29:48] CRITICAL: (2019) SQLSTATE[HY000] [2019] Unknown character set :: GET /I18n :: C:\xampp\htdocs\tpdcrm\application\Espo\ORM\PDO\MysqlPDOFactory.php(73)
[2025-11-06 14:29:48] CRITICAL: (2019) SQLSTATE[HY000] [2019] Unknown character set :: GET /Settings :: C:\xampp\htdocs\tpdcrm\application\Espo\ORM\PDO\MysqlPDOFactory.php(73)
[2025-11-06 14:29:50] CRITICAL: (2019) SQLSTATE[HY000] [2019] Unknown character set :: GET /I18n :: C:\xampp\htdocs\tpdcrm\application\Espo\ORM\PDO\MysqlPDOFactory.php(73)
[2025-11-06 14:29:50] CRITICAL: (2019) SQLSTATE[HY000] [2019] Unknown character set :: GET /Settings :: C:\xampp\htdocs\tpdcrm\application\Espo\ORM\PDO\MysqlPDOFactory.php(73)
[2025-11-06 14:32:54] CRITICAL: (2006) SQLSTATE[HY000] [2006] MySQL server has gone away PDO::__construct(): Error while reading greeting packet. PID=14960 :: GET /I18n :: C:\xampp\htdocs\tpdcrm\application\Espo\ORM\PDO\MysqlPDOFactory.php(73)
[2025-11-06 14:32:54] CRITICAL: (2006) SQLSTATE[HY000] [2006] MySQL server has gone away PDO::__construct(): Error while reading greeting packet. PID=14960 :: GET /Settings :: C:\xampp\htdocs\tpdcrm\application\Espo\ORM\PDO\MysqlPDOFactory.php(73)
[2025-11-06 14:33:31] CRITICAL: (2006) SQLSTATE[HY000] [2006] MySQL server has gone away PDO::__construct(): Error while reading greeting packet. PID=10376 :: GET /Settings :: C:\xampp\htdocs\tpdcrm\application\Espo\ORM\PDO\MysqlPDOFactory.php(73)
[2025-11-06 14:33:31] CRITICAL: (2006) SQLSTATE[HY000] [2006] MySQL server has gone away PDO::__construct(): Error while reading greeting packet. PID=10376 :: GET /I18n :: C:\xampp\htdocs\tpdcrm\application\Espo\ORM\PDO\MysqlPDOFactory.php(73)
[2025-11-06 14:33:31] CRITICAL: (2006) SQLSTATE[HY000] [2006] MySQL server has gone away PDO::__construct(): Error while reading greeting packet. PID=10376 :: GET /Settings :: C:\xampp\htdocs\tpdcrm\application\Espo\ORM\PDO\MysqlPDOFactory.php(73)
[2025-11-06 14:33:31] CRITICAL: (2006) SQLSTATE[HY000] [2006] MySQL server has gone away PDO::__construct(): Error while reading greeting packet. PID=10376 :: GET /I18n :: C:\xampp\htdocs\tpdcrm\application\Espo\ORM\PDO\MysqlPDOFactory.php(73)
[2025-11-06 14:36:41] CRITICAL: (2002) SQLSTATE[HY000] [2002] No connection could be made because the target machine actively refused it :: GET /I18n :: C:\xampp\htdocs\tpdcrm\application\Espo\ORM\PDO\MysqlPDOFactory.php(73)
[2025-11-06 14:36:41] CRITICAL: (2002) SQLSTATE[HY000] [2002] No connection could be made because the target machine actively refused it :: GET /Settings :: C:\xampp\htdocs\tpdcrm\application\Espo\ORM\PDO\MysqlPDOFactory.php(73)
